<?xml version="1.0" encoding="UTF-8"?>
<!-- Generated by org.testng.reporters.JUnitReportReporter -->
<testsuite hostname="LAPTOP-8VEDJ0LP" failures="0" tests="3" name="api.test.UserTests" time="5.826" errors="0" timestamp="2025-01-02T17:36:49 IST" skipped="0">
  <testcase classname="api.test.UserTests" name="testpostUser" time="3.186"/>
  <testcase classname="api.test.UserTests" name="testGetUserByName" time="1.308"/>
  <testcase classname="api.test.UserTests" name="testUpdateUserByName" time="1.332"/>
</testsuite> <!-- api.test.UserTests -->
